<?xml version="1.0" encoding="UTF-8"?><testsuite errors="1" failures="0" name="Feature para el acceso a la aplicacion SeguriSign" skipped="0" tests="1" time="27.35" timestamp="2022-06-21 02:14:33"><testcase name="Validar el correcto acceso al portal SeguriSign"><error message="element click intercepted: Element &lt;button class=&quot;btn btn-block&quot; id=&quot;btnLogin&quot; onclick=&quot;submitEntrar(this, '/Portal_Firma_RNE_Web')&quot;&gt;...&lt;/button&gt; is not clickable at point (759, 455). Other element would receive the click: &lt;button type=&quot;button&quot;&gt;...&lt;/button&gt;&#10;  (Session info: chrome=102.0.5005.115)&#10;Build info: version: '3.141.59', revision: 'e82be7d358', time: '2018-11-14T08:17:03'&#10;System info: host: 'LAP-RETA', ip: '192.168.185.2', os.name: 'Windows 10', os.arch: 'amd64', os.version: '10.0', java.version: '1.8.0_201'&#10;Driver info: org.openqa.selenium.chrome.ChromeDriver&#10;Capabilities {acceptInsecureCerts: false, browserName: chrome, browserVersion: 102.0.5005.115, chrome: {chromedriverVersion: 101.0.4951.41 (93c720db8323..., userDataDir: C:\Users\LRETAM~1\AppData\L...}, goog:chromeOptions: {debuggerAddress: localhost:55917}, javascriptEnabled: true, networkConnectionEnabled: false, pageLoadStrategy: normal, platform: WINDOWS, platformName: WINDOWS, proxy: Proxy(), setWindowRect: true, strictFileInteractability: false, timeouts: {implicit: 0, pageLoad: 300000, script: 30000}, unhandledPromptBehavior: dismiss and notify, webauthn:extension:credBlob: true, webauthn:extension:largeBlob: true, webauthn:virtualAuthenticators: true}&#10;Session ID: ac61405e33300263f81efabc8c555172&#10;Build info: version: '3.141.59', revision: 'e82be7d358', time: '2018-11-14T08:17:03'&#10;System info: host: 'LAP-RETA', ip: '192.168.185.2', os.name: 'Windows 10', os.arch: 'amd64', os.version: '10.0', java.version: '1.8.0_201'&#10;Driver info: driver.version: unknown" type="org.openqa.selenium.ElementClickInterceptedException">element click intercepted: Element &lt;button class="btn btn-block" id="btnLogin" onclick="submitEntrar(this, '/Portal_Firma_RNE_Web')"&gt;...&lt;/button&gt; is not clickable at point (759, 455). Other element would receive the click: &lt;button type="button"&gt;...&lt;/button&gt;
  (Session info: chrome=102.0.5005.115)
Build info: version: '3.141.59', revision: 'e82be7d358', time: '2018-11-14T08:17:03'
System info: host: 'LAP-RETA', ip: '192.168.185.2', os.name: 'Windows 10', os.arch: 'amd64', os.version: '10.0', java.version: '1.8.0_201'
Driver info: org.openqa.selenium.chrome.ChromeDriver
Capabilities {acceptInsecureCerts: false, browserName: chrome, browserVersion: 102.0.5005.115, chrome: {chromedriverVersion: 101.0.4951.41 (93c720db8323..., userDataDir: C:\Users\LRETAM~1\AppData\L...}, goog:chromeOptions: {debuggerAddress: localhost:55917}, javascriptEnabled: true, networkConnectionEnabled: false, pageLoadStrategy: normal, platform: WINDOWS, platformName: WINDOWS, proxy: Proxy(), setWindowRect: true, strictFileInteractability: false, timeouts: {implicit: 0, pageLoad: 300000, script: 30000}, unhandledPromptBehavior: dismiss and notify, webauthn:extension:credBlob: true, webauthn:extension:largeBlob: true, webauthn:virtualAuthenticators: true}
Session ID: ac61405e33300263f81efabc8c555172
Build info: version: '3.141.59', revision: 'e82be7d358', time: '2018-11-14T08:17:03'
System info: host: 'LAP-RETA', ip: '192.168.185.2', os.name: 'Windows 10', os.arch: 'amd64', os.version: '10.0', java.version: '1.8.0_201'
Driver info: driver.version: unknown</error><system-err>element click intercepted: Element &lt;button class="btn btn-block" id="btnLogin" onclick="submitEntrar(this, '/Portal_Firma_RNE_Web')"&gt;...&lt;/button&gt; is not clickable at point (759, 455). Other element would receive the click: &lt;button type="button"&gt;...&lt;/button&gt;
  (Session info: chrome=102.0.5005.115)
Build info: version: '3.141.59', revision: 'e82be7d358', time: '2018-11-14T08:17:03'
System info: host: 'LAP-RETA', ip: '192.168.185.2', os.name: 'Windows 10', os.arch: 'amd64', os.version: '10.0', java.version: '1.8.0_201'
Driver info: org.openqa.selenium.chrome.ChromeDriver
Capabilities {acceptInsecureCerts: false, browserName: chrome, browserVersion: 102.0.5005.115, chrome: {chromedriverVersion: 101.0.4951.41 (93c720db8323..., userDataDir: C:\Users\LRETAM~1\AppData\L...}, goog:chromeOptions: {debuggerAddress: localhost:55917}, javascriptEnabled: true, networkConnectionEnabled: false, pageLoadStrategy: normal, platform: WINDOWS, platformName: WINDOWS, proxy: Proxy(), setWindowRect: true, strictFileInteractability: false, timeouts: {implicit: 0, pageLoad: 300000, script: 30000}, unhandledPromptBehavior: dismiss and notify, webauthn:extension:credBlob: true, webauthn:extension:largeBlob: true, webauthn:virtualAuthenticators: true}
Session ID: ac61405e33300263f81efabc8c555172
Build info: version: '3.141.59', revision: 'e82be7d358', time: '2018-11-14T08:17:03'
System info: host: 'LAP-RETA', ip: '192.168.185.2', os.name: 'Windows 10', os.arch: 'amd64', os.version: '10.0', java.version: '1.8.0_201'
Driver info: driver.version: unknown&#13;
sd.test.util.PageObjectUtil.seleniumClickPaint(PageObjectUtil.java:126)&#13;
sd.test.page.LoginPage.opcionContinuar(LoginPage.java:50)&#13;
sd.test.step.IngresarPortalFirma.seleccionarContinuar(IngresarPortalFirma.java:26)&#13;
sd.test.definition.RealizarLoginDefinition.selecciono_opcion(RealizarLoginDefinition.java:48)&#13;
✽.selecciono opcion "Ingresar"(src/test/resources/features/1-RealizarLogin.feature:10)&#13;
</system-err></testcase></testsuite>